[debug] [2025-09-04T13:40:49.701Z] ----------------------------------------------------------------------
[debug] [2025-09-04T13:40:49.704Z] Command:       /usr/local/bin/node /usr/local/bin/firebase init hosting
[debug] [2025-09-04T13:40:49.705Z] CLI Version:   14.15.1
[debug] [2025-09-04T13:40:49.705Z] Platform:      linux
[debug] [2025-09-04T13:40:49.705Z] Node Version:  v22.18.0
[debug] [2025-09-04T13:40:49.706Z] Time:          Thu Sep 04 2025 19:10:49 GMT+0530 (India Standard Time)
[debug] [2025-09-04T13:40:49.706Z] ----------------------------------------------------------------------
[debug] 
[debug] [2025-09-04T13:40:49.708Z] >>> [apiv2][query] GET https://firebase-public.firebaseio.com/cli.json [none]
[debug] [2025-09-04T13:40:49.758Z] > command requires scopes: ["email","openid","https://www.googleapis.com/auth/cloudplatformprojects.readonly","https://www.googleapis.com/auth/firebase","https://www.googleapis.com/auth/cloud-platform"]
[debug] [2025-09-04T13:40:49.759Z] > authorizing via signed-in user (deepudagar90@gmail.com)
[info] 
     ######## #### ########  ######## ########     ###     ######  ########
     ##        ##  ##     ## ##       ##     ##  ##   ##  ##       ##
     ######    ##  ########  ######   ########  #########  ######  ######
     ##        ##  ##    ##  ##       ##     ## ##     ##       ## ##
     ##       #### ##     ## ######## ########  ##     ##  ######  ########

You're about to initialize a Firebase project in this directory:

  /home/deepanshu-dagar/My pc data/Project/final-projects/Frontend

[info] 
=== Project Setup
[info] 
[info] First, let's associate this project directory with a Firebase project.
[info] You can create multiple project aliases by running firebase use --add, 
[info] but for now we'll just set up a default project.
[info] 
[debug] [2025-09-04T13:40:50.412Z] <<< [apiv2][status] GET https://firebase-public.firebaseio.com/cli.json 200
[debug] [2025-09-04T13:40:50.413Z] <<< [apiv2][body] GET https://firebase-public.firebaseio.com/cli.json {"cloudBuildErrorAfter":1594252800000,"cloudBuildWarnAfter":1590019200000,"defaultNode10After":1594252800000,"minVersion":"3.0.5","node8DeploysDisabledAfter":1613390400000,"node8RuntimeDisabledAfter":1615809600000,"node8WarnAfter":1600128000000}
[debug] [2025-09-04T13:41:03.424Z] Checked if tokens are valid: false, expires at: 1756661581917
[debug] [2025-09-04T13:41:03.424Z] Checked if tokens are valid: false, expires at: 1756661581917
[debug] [2025-09-04T13:41:03.425Z] > refreshing access token with scopes: []
[debug] [2025-09-04T13:41:03.427Z] >>> [apiv2][query] POST https://www.googleapis.com/oauth2/v3/token [none]
[debug] [2025-09-04T13:41:03.427Z] >>> [apiv2][body] POST https://www.googleapis.com/oauth2/v3/token [omitted]
[debug] [2025-09-04T13:41:03.723Z] <<< [apiv2][status] POST https://www.googleapis.com/oauth2/v3/token 200
[debug] [2025-09-04T13:41:03.723Z] <<< [apiv2][body] POST https://www.googleapis.com/oauth2/v3/token [omitted]
[debug] [2025-09-04T13:41:03.732Z] >>> [apiv2][query] GET https://firebase.googleapis.com/v1beta1/projects pageSize=100
[debug] [2025-09-04T13:41:04.436Z] <<< [apiv2][status] GET https://firebase.googleapis.com/v1beta1/projects 200
[debug] [2025-09-04T13:41:04.436Z] <<< [apiv2][body] GET https://firebase.googleapis.com/v1beta1/projects [omitted]
[info] i  Using project syncing-data-38ff6 (Syncing-data) 
[info] 
=== Hosting Setup
[debug] [2025-09-04T13:41:18.876Z] Checked if tokens are valid: true, expires at: 1756996861724
[debug] [2025-09-04T13:41:18.876Z] Checked if tokens are valid: true, expires at: 1756996861724
[debug] [2025-09-04T13:41:18.877Z] >>> [apiv2][query] GET https://firebase.googleapis.com/v1beta1/projects/syncing-data-38ff6 [none]
[debug] [2025-09-04T13:41:19.490Z] <<< [apiv2][status] GET https://firebase.googleapis.com/v1beta1/projects/syncing-data-38ff6 200
[debug] [2025-09-04T13:41:19.491Z] <<< [apiv2][body] GET https://firebase.googleapis.com/v1beta1/projects/syncing-data-38ff6 {"projectId":"syncing-data-38ff6","projectNumber":"153209805665","displayName":"Syncing-data","name":"projects/syncing-data-38ff6","resources":{"hostingSite":"syncing-data-38ff6"},"state":"ACTIVE","etag":"1_f6743893-5975-41cb-88e3-bd05d492b51c"}
[info] 
[info] Your public directory is the folder (relative to your project directory) that
[info] will contain Hosting assets to be uploaded with firebase deploy. If you
[info] have a build process for your assets, use your build's output directory.
[info] 
[debug] [2025-09-04T13:44:28.955Z] ExitPromptError: User force closed the prompt with SIGINT
    at Interface.sigint (/usr/local/lib/node_modules/firebase-tools/node_modules/@inquirer/core/dist/commonjs/lib/create-prompt.js:101:37)
    at Interface.emit (node:events:518:28)
    at Interface.emit (node:domain:489:12)
    at [_ttyWrite] [as _ttyWrite] (node:internal/readline/interface:1132:18)
    at ReadStream.onkeypress (node:internal/readline/interface:271:20)
    at ReadStream.emit (node:events:530:35)
    at ReadStream.emit (node:domain:489:12)
    at emitKeys (node:internal/readline/utils:370:14)
    at emitKeys.next (<anonymous>)
    at ReadStream.onData (node:internal/readline/emitKeypressEvents:64:36)
[error] 
[error] Error: An unexpected error has occurred.
[debug] [2025-09-04T13:47:46.417Z] ----------------------------------------------------------------------
[debug] [2025-09-04T13:47:46.420Z] Command:       /usr/local/bin/node /usr/local/bin/firebase init hosting
[debug] [2025-09-04T13:47:46.420Z] CLI Version:   14.15.1
[debug] [2025-09-04T13:47:46.420Z] Platform:      linux
[debug] [2025-09-04T13:47:46.420Z] Node Version:  v22.18.0
[debug] [2025-09-04T13:47:46.421Z] Time:          Thu Sep 04 2025 19:17:46 GMT+0530 (India Standard Time)
[debug] [2025-09-04T13:47:46.421Z] ----------------------------------------------------------------------
[debug] 
[debug] [2025-09-04T13:47:46.426Z] > command requires scopes: ["email","openid","https://www.googleapis.com/auth/cloudplatformprojects.readonly","https://www.googleapis.com/auth/firebase","https://www.googleapis.com/auth/cloud-platform"]
[debug] [2025-09-04T13:47:46.427Z] > authorizing via signed-in user (deepudagar90@gmail.com)
[info] 
     ######## #### ########  ######## ########     ###     ######  ########
     ##        ##  ##     ## ##       ##     ##  ##   ##  ##       ##
     ######    ##  ########  ######   ########  #########  ######  ######
     ##        ##  ##    ##  ##       ##     ## ##     ##       ## ##
     ##       #### ##     ## ######## ########  ##     ##  ######  ########

You're about to initialize a Firebase project in this directory:

  /home/deepanshu-dagar/My pc data/Project/final-projects/Frontend

[info] 
=== Project Setup
[info] 
[info] First, let's associate this project directory with a Firebase project.
[info] You can create multiple project aliases by running firebase use --add, 
[info] but for now we'll just set up a default project.
[info] 
[debug] [2025-09-04T13:47:46.430Z] Using project from CLI flag: syncing-data-38ff6
[debug] [2025-09-04T13:47:46.431Z] Checked if tokens are valid: true, expires at: 1756996861724
[debug] [2025-09-04T13:47:46.432Z] Checked if tokens are valid: true, expires at: 1756996861724
[debug] [2025-09-04T13:47:46.433Z] >>> [apiv2][query] GET https://firebase.googleapis.com/v1beta1/projects/syncing-data-38ff6 [none]
[debug] [2025-09-04T13:47:47.010Z] <<< [apiv2][status] GET https://firebase.googleapis.com/v1beta1/projects/syncing-data-38ff6 200
[debug] [2025-09-04T13:47:47.010Z] <<< [apiv2][body] GET https://firebase.googleapis.com/v1beta1/projects/syncing-data-38ff6 {"projectId":"syncing-data-38ff6","projectNumber":"153209805665","displayName":"Syncing-data","name":"projects/syncing-data-38ff6","resources":{"hostingSite":"syncing-data-38ff6"},"state":"ACTIVE","etag":"1_f6743893-5975-41cb-88e3-bd05d492b51c"}
[info] i  Using project syncing-data-38ff6 (Syncing-data) 
[info] 
=== Hosting Setup
[debug] [2025-09-04T13:47:47.203Z] Checked if tokens are valid: true, expires at: 1756996861724
[debug] [2025-09-04T13:47:47.203Z] Checked if tokens are valid: true, expires at: 1756996861724
[debug] [2025-09-04T13:47:47.204Z] >>> [apiv2][query] GET https://firebase.googleapis.com/v1beta1/projects/syncing-data-38ff6 [none]
[debug] [2025-09-04T13:47:47.609Z] <<< [apiv2][status] GET https://firebase.googleapis.com/v1beta1/projects/syncing-data-38ff6 200
[debug] [2025-09-04T13:47:47.610Z] <<< [apiv2][body] GET https://firebase.googleapis.com/v1beta1/projects/syncing-data-38ff6 {"projectId":"syncing-data-38ff6","projectNumber":"153209805665","displayName":"Syncing-data","name":"projects/syncing-data-38ff6","resources":{"hostingSite":"syncing-data-38ff6"},"state":"ACTIVE","etag":"1_f6743893-5975-41cb-88e3-bd05d492b51c"}
[info] 
[info] Your public directory is the folder (relative to your project directory) that
[info] will contain Hosting assets to be uploaded with firebase deploy. If you
[info] have a build process for your assets, use your build's output directory.
[info] 
[debug] [2025-09-04T13:48:50.598Z] >>> [apiv2][query] GET https://www.gstatic.com/firebasejs/releases.json [none]
[debug] [2025-09-04T13:48:50.636Z] <<< [apiv2][status] GET https://www.gstatic.com/firebasejs/releases.json 200
[debug] [2025-09-04T13:48:50.636Z] <<< [apiv2][body] GET https://www.gstatic.com/firebasejs/releases.json {"current":{"version":"12.2.1","browserURL":"https://www.gstatic.com/firebasejs/12.2.1/firebase.js","packageURL":"https://www.gstatic.com/firebasejs/12.2.1/firebase.tgz"},"live":{"version":"12.2","browserURL":"https://www.gstatic.com/firebasejs/live/12.2/firebase.js","packageURL":"https://www.gstatic.com/firebasejs/live/12.2/firebase.tgz"},"components":{"ai":"https://www.gstatic.com/firebasejs/12.2.1/firebase-ai.js","analytics":"https://www.gstatic.com/firebasejs/12.2.1/firebase-analytics.js","app":"https://www.gstatic.com/firebasejs/12.2.1/firebase-app.js","app-check":"https://www.gstatic.com/firebasejs/12.2.1/firebase-app-check.js","auth":"https://www.gstatic.com/firebasejs/12.2.1/firebase-auth.js","auth/cordova":"https://www.gstatic.com/firebasejs/12.2.1/firebase-auth/cordova.js","auth/web-extension":"https://www.gstatic.com/firebasejs/12.2.1/firebase-auth/web-extension.js","functions":"https://www.gstatic.com/firebasejs/12.2.1/firebase-functions.js","firestore":"https://www.gstatic.com/firebasejs/12.2.1/firebase-firestore.js","firestore/lite":"https://www.gstatic.com/firebasejs/12.2.1/firebase-firestore/lite.js","installations":"https://www.gstatic.com/firebasejs/12.2.1/firebase-installations.js","storage":"https://www.gstatic.com/firebasejs/12.2.1/firebase-storage.js","performance":"https://www.gstatic.com/firebasejs/12.2.1/firebase-performance.js","remote-config":"https://www.gstatic.com/firebasejs/12.2.1/firebase-remote-config.js","messaging":"https://www.gstatic.com/firebasejs/12.2.1/firebase-messaging.js","messaging/sw":"https://www.gstatic.com/firebasejs/12.2.1/firebase-messaging/sw.js","database":"https://www.gstatic.com/firebasejs/12.2.1/firebase-database.js","data-connect":"https://www.gstatic.com/firebasejs/12.2.1/firebase-data-connect.js","firestore.memory":"https://www.gstatic.com/firebasejs/12.2.1/firebase-firestore.memory.js"}}
[info] i  Skipping write of dist/index.html 
[info] 
[info] i  Didn't detect a .git folder. Assuming /home/deepanshu-dagar/My pc data/Project/final-projects/Frontend is the project root. 
[info] i  Authorizing with GitHub to upload your service account to a GitHub repository's secrets store. 
[info] 
[info] Visit this URL on this device to log in:
[info] https://github.com/login/oauth/authorize?client_id=89cf50f02ac6aaed3484&state=543349275&redirect_uri=http%3A%2F%2Flocalhost%3A9005&scope=read%3Auser%20repo%20public_repo
[info] 
[info] Waiting for authentication...
[debug] [2025-09-04T13:50:13.819Z] >>> [apiv2][query] POST https://github.com/login/oauth/access_token [none]
[debug] [2025-09-04T13:50:13.820Z] >>> [apiv2][body] POST https://github.com/login/oauth/access_token [stream]
[debug] [2025-09-04T13:50:14.380Z] <<< [apiv2][status] POST https://github.com/login/oauth/access_token 200
[debug] [2025-09-04T13:50:14.381Z] <<< [apiv2][body] POST https://github.com/login/oauth/access_token {"access_token":"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","token_type":"bearer","scope":"read:user,repo"}
[debug] [2025-09-04T13:50:14.388Z] >>> [apiv2][query] GET https://api.github.com/user [none]
[debug] [2025-09-04T13:50:14.992Z] <<< [apiv2][status] GET https://api.github.com/user 200
[debug] [2025-09-04T13:50:14.992Z] <<< [apiv2][body] GET https://api.github.com/user {"login":"Deepanshu7517","id":156066690,"node_id":"U_kgDOCU1jgg","avatar_url":"https://avatars.githubusercontent.com/u/156066690?v=4","gravatar_id":"","url":"https://api.github.com/users/Deepanshu7517","html_url":"https://github.com/Deepanshu7517","followers_url":"https://api.github.com/users/Deepanshu7517/followers","following_url":"https://api.github.com/users/Deepanshu7517/following{/other_user}","gists_url":"https://api.github.com/users/Deepanshu7517/gists{/gist_id}","starred_url":"https://api.github.com/users/Deepanshu7517/starred{/owner}{/repo}","subscriptions_url":"https://api.github.com/users/Deepanshu7517/subscriptions","organizations_url":"https://api.github.com/users/Deepanshu7517/orgs","repos_url":"https://api.github.com/users/Deepanshu7517/repos","events_url":"https://api.github.com/users/Deepanshu7517/events{/privacy}","received_events_url":"https://api.github.com/users/Deepanshu7517/received_events","type":"User","user_view_type":"private","site_admin":false,"name":null,"company":null,"blog":"","location":null,"email":null,"hireable":null,"bio":null,"twitter_username":null,"notification_email":null,"public_repos":13,"public_gists":0,"followers":0,"following":1,"created_at":"2024-01-09T08:36:38Z","updated_at":"2025-08-28T17:14:44Z","private_gists":0,"total_private_repos":1,"owned_private_repos":1,"disk_usage":143533,"collaborators":0,"two_factor_authentication":false,"plan":{"name":"free","space":976562499,"collaborators":0,"private_repos":10000}}
[info] 
[info] ✔  Success! Logged into GitHub as Deepanshu7517 
[info] 
[debug] [2025-09-04T13:50:50.915Z] ExitPromptError: User force closed the prompt with SIGINT
    at Interface.sigint (/usr/local/lib/node_modules/firebase-tools/node_modules/@inquirer/core/dist/commonjs/lib/create-prompt.js:101:37)
    at Interface.emit (node:events:518:28)
    at Interface.emit (node:domain:489:12)
    at [_ttyWrite] [as _ttyWrite] (node:internal/readline/interface:1132:18)
    at ReadStream.onkeypress (node:internal/readline/interface:271:20)
    at ReadStream.emit (node:events:530:35)
    at ReadStream.emit (node:domain:489:12)
    at emitKeys (node:internal/readline/utils:370:14)
    at emitKeys.next (<anonymous>)
    at ReadStream.onData (node:internal/readline/emitKeypressEvents:64:36)
[error] 
[error] Error: An unexpected error has occurred.
